[    0.000000] Initializing cgroup subsys cpuset
[    0.000000] Initializing cgroup subsys cpu
[    0.000000] Initializing cgroup subsys cpuacct
[    0.000000] Linux version 4.4.0-116-generic (buildd@lgw01-amd64-021) (gcc version 5.4.0 20160609 (Ubuntu 5.4.0-6ubuntu1~16.04.9) ) #140-Ubuntu SMP Mon Feb 12 21:23:04 UTC 2018 (Ubuntu 4.4.0-116.140-generic 4.4.98)
[    0.000000] Command line: BOOT_IMAGE=/boot/vmlinuz-4.4.0-116-generic root=LABEL=cloudimg-rootfs ro console=tty1 console=ttyS0
[    0.000000] KERNEL supported cpus:
[    0.000000]   Intel GenuineIntel
[    0.000000]   AMD AuthenticAMD
[    0.000000]   Centaur CentaurHauls
[    0.000000] x86/fpu: xstate_offset[2]:  576, xstate_sizes[2]:  256
[    0.000000] x86/fpu: Supporting XSAVE feature 0x01: 'x87 floating point registers'
[    0.000000] x86/fpu: Supporting XSAVE feature 0x02: 'SSE registers'
[    0.000000] x86/fpu: Supporting XSAVE feature 0x04: 'AVX registers'
[    0.000000] x86/fpu: Enabled xstate features 0x7, context size is 832 bytes, using 'standard' format.
[    0.000000] x86/fpu: Using 'lazy' FPU context switches.
[    0.000000] e820: BIOS-provided physical RAM map:
[    0.000000] BIOS-e820: [mem 0x0000000000000000-0x000000000009fbff] usable
[    0.000000] BIOS-e820: [mem 0x000000000009fc00-0x000000000009ffff] reserved
[    0.000000] BIOS-e820: [mem 0x00000000000f0000-0x00000000000fffff] reserved
[    0.000000] BIOS-e820: [mem 0x0000000000100000-0x000000003ffeffff] usable
[    0.000000] BIOS-e820: [mem 0x000000003fff0000-0x000000003fffffff] ACPI data
[    0.000000] BIOS-e820: [mem 0x00000000fec00000-0x00000000fec00fff] reserved
[    0.000000] BIOS-e820: [mem 0x00000000fee00000-0x00000000fee00fff] reserved
[    0.000000] BIOS-e820: [mem 0x00000000fffc0000-0x00000000ffffffff] reserved
[    0.000000] NX (Execute Disable) protection: active
[    0.000000] SMBIOS 2.5 present.
[    0.000000] Hypervisor detected: KVM
[    0.000000] e820: last_pfn = 0x3fff0 max_arch_pfn = 0x400000000
[    0.000000] MTRR: Disabled
[    0.000000] x86/PAT: MTRRs disabled, skipping PAT initialization too.
[    0.000000] CPU MTRRs all blank - virtualized system.
[    0.000000] x86/PAT: Configuration [0-7]: WB  WT  UC- UC  WB  WT  UC- UC  
[    0.000000] found SMP MP-table at [mem 0x0009fff0-0x0009ffff] mapped at [ffff88000009fff0]
[    0.000000] Scanning 1 areas for low memory corruption
[    0.000000] RAMDISK: [mem 0x36aaa000-0x3754cfff]
[    0.000000] ACPI: Early table checksum verification disabled
[    0.000000] ACPI: RSDP 0x00000000000E0000 000024 (v02 VBOX  )
[    0.000000] ACPI: XSDT 0x000000003FFF0030 00003C (v01 VBOX   VBOXXSDT 00000001 ASL  00000061)
[    0.000000] ACPI: FACP 0x000000003FFF00F0 0000F4 (v04 VBOX   VBOXFACP 00000001 ASL  00000061)
[    0.000000] ACPI: DSDT 0x000000003FFF0470 0021FF (v02 VBOX   VBOXBIOS 00000002 INTL 20100528)
[    0.000000] ACPI: FACS 0x000000003FFF0200 000040
[    0.000000] ACPI: FACS 0x000000003FFF0200 000040
[    0.000000] ACPI: APIC 0x000000003FFF0240 00005C (v02 VBOX   VBOXAPIC 00000001 ASL  00000061)
[    0.000000] ACPI: SSDT 0x000000003FFF02A0 0001CC (v01 VBOX   VBOXCPUT 00000002 INTL 20100528)
[    0.000000] No NUMA configuration found
[    0.000000] Faking a node at [mem 0x0000000000000000-0x000000003ffeffff]
[    0.000000] NODE_DATA(0) allocated [mem 0x3ffeb000-0x3ffeffff]
[    0.000000] kvm-clock: Using msrs 4b564d01 and 4b564d00
[    0.000000] kvm-clock: cpu 0, msr 0:3ffe3001, primary cpu clock
[    0.000000] kvm-clock: using sched offset of 14735620900 cycles
[    0.000000] clocksource: kvm-clock: mask: 0xffffffffffffffff max_cycles: 0x1cd42e4dffb, max_idle_ns: 881590591483 ns
[    0.000000] Zone ranges:
[    0.000000]   DMA      [mem 0x0000000000001000-0x0000000000ffffff]
[    0.000000]   DMA32    [mem 0x0000000001000000-0x000000003ffeffff]
[    0.000000]   Normal   empty
[    0.000000]   Device   empty
[    0.000000] Movable zone start for each node
[    0.000000] Early memory node ranges
[    0.000000]   node   0: [mem 0x0000000000001000-0x000000000009efff]
[    0.000000]   node   0: [mem 0x0000000000100000-0x000000003ffeffff]
[    0.000000] Initmem setup node 0 [mem 0x0000000000001000-0x000000003ffeffff]
[    0.000000] ACPI: PM-Timer IO Port: 0x4008
[    0.000000] IOAPIC[0]: apic_id 2, version 32, address 0xfec00000, GSI 0-23
[    0.000000] ACPI: INT_SRC_OVR (bus 0 bus_irq 0 global_irq 2 dfl dfl)
[    0.000000] ACPI: INT_SRC_OVR (bus 0 bus_irq 9 global_irq 9 low level)
[    0.000000] Using ACPI (MADT) for SMP configuration information
[    0.000000] smpboot: Allowing 2 CPUs, 0 hotplug CPUs
[    0.000000] PM: Registered nosave memory: [mem 0x00000000-0x00000fff]
[    0.000000] PM: Registered nosave memory: [mem 0x0009f000-0x0009ffff]
[    0.000000] PM: Registered nosave memory: [mem 0x000a0000-0x000effff]
[    0.000000] PM: Registered nosave memory: [mem 0x000f0000-0x000fffff]
[    0.000000] e820: [mem 0x40000000-0xfebfffff] available for PCI devices
[    0.000000] Booting paravirtualized kernel on KVM
[    0.000000] clocksource: refined-jiffies: mask: 0xffffffff max_cycles: 0xffffffff, max_idle_ns: 7645519600211568 ns
[    0.000000] setup_percpu: NR_CPUS:512 nr_cpumask_bits:512 nr_cpu_ids:2 nr_node_ids:1
[    0.000000] PERCPU: Embedded 34 pages/cpu @ffff88003fc00000 s99544 r8192 d31528 u1048576
[    0.000000] PV qspinlock hash table entries: 256 (order: 0, 4096 bytes)
[    0.000000] Built 1 zonelists in Node order, mobility grouping on.  Total pages: 257913
[    0.000000] Policy zone: DMA32
[    0.000000] Kernel command line: BOOT_IMAGE=/boot/vmlinuz-4.4.0-116-generic root=LABEL=cloudimg-rootfs ro console=tty1 console=ttyS0
[    0.000000] PID hash table entries: 4096 (order: 3, 32768 bytes)
[    0.000000] Memory: 1001640K/1048120K available (8530K kernel code, 1309K rwdata, 3992K rodata, 1508K init, 1316K bss, 46480K reserved, 0K cma-reserved)
[    0.000000] SLUB: HWalign=64, Order=0-3, MinObjects=0, CPUs=2, Nodes=1
[    0.000000] Kernel/User page tables isolation: enabled
[    0.000000] Hierarchical RCU implementation.
[    0.000000] 	Build-time adjustment of leaf fanout to 64.
[    0.000000] 	RCU restricting CPUs from NR_CPUS=512 to nr_cpu_ids=2.
[    0.000000] RCU: Adjusting geometry for rcu_fanout_leaf=64, nr_cpu_ids=2
[    0.000000] NR_IRQS:33024 nr_irqs:440 16
[    0.000000] Console: colour VGA+ 80x25
[    0.000000] console [tty1] enabled
[    0.000000] console [ttyS0] enabled
[    0.000000] tsc: Detected 2494.330 MHz processor
[    3.285744] Calibrating delay loop (skipped) preset value.. 4988.66 BogoMIPS (lpj=9977320)
[    3.331188] pid_max: default: 32768 minimum: 301
[    3.355284] ACPI: Core revision 20150930
[    3.379345] ACPI: 2 ACPI AML tables successfully acquired and loaded
[    3.415726] Security Framework initialized
[    3.438494] Yama: becoming mindful.
[    3.458279] AppArmor: AppArmor initialized
[    3.480652] Dentry cache hash table entries: 131072 (order: 8, 1048576 bytes)
[    3.521110] Inode-cache hash table entries: 65536 (order: 7, 524288 bytes)
[    3.554103] Mount-cache hash table entries: 2048 (order: 2, 16384 bytes)
[    3.586191] Mountpoint-cache hash table entries: 2048 (order: 2, 16384 bytes)
[    3.620449] Initializing cgroup subsys io
[    3.642705] Initializing cgroup subsys memory
[    3.666302] Initializing cgroup subsys devices
[    3.689881] Initializing cgroup subsys freezer
[    3.713662] Initializing cgroup subsys net_cls
[    3.738113] Initializing cgroup subsys perf_event
[    3.770139] Initializing cgroup subsys net_prio
[    3.798895] Initializing cgroup subsys hugetlb
[    3.823534] Initializing cgroup subsys pids
[    3.847850] CPU: Physical Processor ID: 0
[    3.869819] CPU: Processor Core ID: 0
[    3.891087] FEATURE SPEC_CTRL Not Present
[    3.913332] mce: CPU supports 0 MCE banks
[    3.936017] Last level iTLB entries: 4KB 512, 2MB 8, 4MB 8
[    3.963663] Last level dTLB entries: 4KB 512, 2MB 32, 4MB 32, 1GB 0
[    3.993992] Spectre V2 mitigation: Mitigation: Full generic retpoline
[    4.025266] Spectre V2 mitigation: Speculation control IBPB not-supported IBRS not-supported
[    4.096035] Freeing SMP alternatives memory: 32K
[    4.252420] ftrace: allocating 32186 entries in 126 pages
[    4.847979] smpboot: APIC(0) Converting physical 0 to logical package 0
[    4.883439] smpboot: Max logical packages: 1
[    4.913029] x2apic enabled
[    4.935756] Switched APIC routing to physical x2apic.
[    4.988305] ..TIMER: vector=0x30 apic1=0 pin1=2 apic2=-1 pin2=-1
[    5.126052] smpboot: CPU0: Intel(R) Core(TM) i7-3537U CPU @ 2.00GHz (family: 0x6, model: 0x3a, stepping: 0x9)
[    5.182286] Performance Events: unsupported p6 CPU model 58 no PMU driver, software events only.
[    5.233063] KVM setup paravirtual spinlock
[    5.256647] x86: Booting SMP configuration:
[    5.279439] .... node  #0, CPUs:      #1
[    5.303874] kvm-clock: cpu 1, msr 0:3ffe3041, secondary cpu clock
[    5.327567] mce: CPU supports 0 MCE banks
[    5.343121] x86: Booted up 1 node, 2 CPUs
[    5.373221] smpboot: Total of 2 processors activated (9977.32 BogoMIPS)
[    5.427789] devtmpfs: initialized
[    5.449850] evm: security.selinux
[    5.470068] evm: security.SMACK64
[    5.490275] evm: security.SMACK64EXEC
[    5.511499] evm: security.SMACK64TRANSMUTE
[    5.534891] evm: security.SMACK64MMAP
[    5.556014] evm: security.ima
[    5.574477] evm: security.capability
[    5.595781] clocksource: jiffies: mask: 0xffffffff max_cycles: 0xffffffff, max_idle_ns: 7645041785100000 ns
[    5.646047] futex hash table entries: 512 (order: 3, 32768 bytes)
[    5.677264] pinctrl core: initialized pinctrl subsystem
[    5.705265] RTC time:  7:39:33, date: 05/02/18
[    5.730356] NET: Registered protocol family 16
[    5.764378] cpuidle: using governor ladder
[    5.800554] cpuidle: using governor menu
[    5.823476] PCCT header not found.
[    5.843811] ACPI: bus type PCI registered
[    5.866440] acpiphp: ACPI Hot Plug PCI Controller Driver version: 0.5
[    5.907770] PCI: Using configuration type 1 for base access
[    5.963451] ACPI: Added _OSI(Module Device)
[    5.987368] ACPI: Added _OSI(Processor Device)
[    6.011912] ACPI: Added _OSI(3.0 _SCP Extensions)
[    6.037110] ACPI: Added _OSI(Processor Aggregator Device)
[    6.072578] ACPI: Executed 1 blocks of module-level executable AML code
[    6.118555] ACPI: Interpreter enabled
[    6.139654] ACPI: (supports S0 S5)
[    6.160611] ACPI: Using IOAPIC for interrupt routing
[    6.187946] PCI: Using host bridge windows from ACPI; if necessary, use "pci=nocrs" and report a bug
[    6.262779] ACPI: PCI Root Bridge [PCI0] (domain 0000 [bus 00-ff])
[    6.295150] acpi PNP0A03:00: _OSC: OS supports [ASPM ClockPM Segments MSI]
[    6.329508] acpi PNP0A03:00: _OSC: not requesting OS control; OS requires [ExtendedConfig ASPM ClockPM MSI]
[    6.380851] acpi PNP0A03:00: fail to add MMCONFIG information, can't access extended PCI configuration space under this bridge.
[    6.441901] PCI host bridge to bus 0000:00
[    6.467386] pci_bus 0000:00: root bus resource [io  0x0000-0x0cf7 window]
[    6.503668] pci_bus 0000:00: root bus resource [io  0x0d00-0xffff window]
[    6.537626] pci_bus 0000:00: root bus resource [mem 0x000a0000-0x000bffff window]
[    6.577994] pci_bus 0000:00: root bus resource [mem 0x40000000-0xfdffffff window]
[    6.618660] pci_bus 0000:00: root bus resource [bus 00-ff]
[    6.694660] pci 0000:00:01.1: legacy IDE quirk: reg 0x10: [io  0x01f0-0x01f7]
[    6.728712] pci 0000:00:01.1: legacy IDE quirk: reg 0x14: [io  0x03f6]
[    6.760866] pci 0000:00:01.1: legacy IDE quirk: reg 0x18: [io  0x0170-0x0177]
[    7.030670] pci 0000:00:01.1: legacy IDE quirk: reg 0x1c: [io  0x0376]
[    7.197150] pci 0000:00:07.0: quirk: [io  0x4000-0x403f] claimed by PIIX4 ACPI
[    7.246656] pci 0000:00:07.0: quirk: [io  0x4100-0x410f] claimed by PIIX4 SMB
[    7.348096] ACPI: PCI Interrupt Link [LNKA] (IRQs 5 9 10 *11)
[    7.395829] ACPI: PCI Interrupt Link [LNKB] (IRQs 5 9 *10 11)
[    7.440788] ACPI: PCI Interrupt Link [LNKC] (IRQs 5 *9 10 11)
[    7.485572] ACPI: PCI Interrupt Link [LNKD] (IRQs 5 9 10 *11)
[    7.531514] ACPI: Enabled 2 GPEs in block 00 to 07
[    7.563429] vgaarb: setting as boot device: PCI:0000:00:02.0
[    7.592137] vgaarb: device added: PCI:0000:00:02.0,decodes=io+mem,owns=io+mem,locks=none
[    7.635334] vgaarb: loaded
[    7.653277] vgaarb: bridge control possible 0000:00:02.0
[    7.680986] SCSI subsystem initialized
[    7.703047] ACPI: bus type USB registered
[    7.725052] usbcore: registered new interface driver usbfs
[    7.753146] usbcore: registered new interface driver hub
[    7.781012] usbcore: registered new device driver usb
[    7.816090] PCI: Using ACPI for IRQ routing
[    7.845267] NetLabel: Initializing
[    7.865808] NetLabel:  domain hash size = 128
[    7.889851] NetLabel:  protocols = UNLABELED CIPSOv4
[    7.916466] NetLabel:  unlabeled traffic allowed by default
[    7.946920] amd_nb: Cannot enumerate AMD northbridges
[    7.973996] clocksource: Switched to clocksource kvm-clock
[    8.035915] AppArmor: AppArmor Filesystem Enabled
[    8.063020] pnp: PnP ACPI init
[    8.092205] pnp: PnP ACPI: found 3 devices
[    8.167670] clocksource: acpi_pm: mask: 0xffffff max_cycles: 0xffffff, max_idle_ns: 2085701024 ns
[    8.212153] NET: Registered protocol family 2
[    8.235731] TCP established hash table entries: 8192 (order: 4, 65536 bytes)
[    8.269449] TCP bind hash table entries: 8192 (order: 5, 131072 bytes)
[    8.300537] TCP: Hash tables configured (established 8192 bind 8192)
[    8.331521] UDP hash table entries: 512 (order: 2, 16384 bytes)
[    8.360219] UDP-Lite hash table entries: 512 (order: 2, 16384 bytes)
[    8.391998] NET: Registered protocol family 1
[    8.415068] pci 0000:00:00.0: Limiting direct PCI/PCI transfers
[    8.444261] pci 0000:00:01.0: Activating ISA DMA hang workarounds
[    8.476295] Unpacking initramfs...
[   11.004456] Freeing initrd memory: 10892K
[   11.027641] RAPL PMU detected, API unit is 2^-32 Joules, 3 fixed counters 10737418240 ms ovfl timer
[   11.074271] hw unit of domain pp0-core 2^-0 Joules
[   11.099518] hw unit of domain package 2^-0 Joules
[   11.124584] hw unit of domain pp1-gpu 2^-0 Joules
[   11.151969] platform rtc_cmos: registered platform RTC device (no PNP device found)
[   11.192915] Scanning for low memory corruption every 60 seconds
[   11.228152] audit: initializing netlink subsys (disabled)
[   11.263670] audit: type=2000 audit(1525246788.694:1): initialized
[   11.297091] Initialise system trusted keyring
[   11.322137] HugeTLB registered 2 MB page size, pre-allocated 0 pages
[   11.354407] zbud: loaded
[   11.373700] VFS: Disk quotas dquot_6.6.0
[   11.395376] VFS: Dquot-cache hash table entries: 512 (order 0, 4096 bytes)
[   11.427937] squashfs: version 4.0 (2009/01/31) Phillip Lougher
[   11.458007] fuse init (API version 7.23)
[   11.480237] Key type big_key registered
[   11.501615] Allocating IMA MOK and blacklist keyrings.
[   11.542295] Key type asymmetric registered
[   11.564670] Asymmetric key parser 'x509' registered
[   11.589870] Block layer SCSI generic (bsg) driver version 0.4 loaded (major 249)
[   11.630066] io scheduler noop registered
[   11.651950] io scheduler deadline registered (default)
[   11.677921] io scheduler cfq registered
[   11.699406] pci_hotplug: PCI Hot Plug PCI Core version: 0.5
[   11.727127] pciehp: PCI Express Hot Plug Controller Driver version: 0.4
[   11.759285] ACPI: AC Adapter [AC] (on-line)
[   11.781841] input: Power Button as /devices/LNXSYSTM:00/LNXPWRBN:00/input/input0
[   11.820990] ACPI: Power Button [PWRF]
[   11.842372] input: Sleep Button as /devices/LNXSYSTM:00/LNXSLPBN:00/input/input1
[   11.881333] ACPI: Sleep Button [SLPF]
[   11.903760] GHES: HEST is not enabled!
[   11.911622] ACPI: Battery Slot [BAT0] (battery present)
[   11.952672] Serial: 8250/16550 driver, 32 ports, IRQ sharing enabled
[   12.068448] 00:02: ttyS0 at I/O 0x3f8 (irq = 4, base_baud = 115200) is a 16550A
[   12.109796] Linux agpgart interface v0.103
[   12.139393] loop: module loaded
[   12.164076] scsi host0: ata_piix
[   12.185151] scsi host1: ata_piix
[   12.204270] ata1: PATA max UDMA/33 cmd 0x1f0 ctl 0x3f6 bmdma 0xd000 irq 14
[   12.237321] ata2: PATA max UDMA/33 cmd 0x170 ctl 0x376 bmdma 0xd008 irq 15
[   12.270211] libphy: Fixed MDIO Bus: probed
[   12.302726] tun: Universal TUN/TAP device driver, 1.6
[   12.334787] tun: (C) 1999-2004 Max Krasnyansky <maxk@qualcomm.com>
[   12.368898] PPP generic driver version 2.4.2
[   12.393771] ehci_hcd: USB 2.0 'Enhanced' Host Controller (EHCI) Driver
[   12.425503] ehci-pci: EHCI PCI platform driver
[   12.450179] ehci-platform: EHCI generic platform driver
[   12.478238] ohci_hcd: USB 1.1 'Open' Host Controller (OHCI) Driver
[   12.508747] ohci-pci: OHCI PCI platform driver
[   12.532124] ohci-platform: OHCI generic platform driver
[   12.558073] uhci_hcd: USB Universal Host Controller Interface driver
[   12.588358] i8042: PNP: PS/2 Controller [PNP0303:PS2K,PNP0f03:PS2M] at 0x60,0x64 irq 1,12
[   12.636719] serio: i8042 KBD port at 0x60,0x64 irq 1
[   12.662106] serio: i8042 AUX port at 0x60,0x64 irq 12
[   12.688503] mousedev: PS/2 mouse device common for all mice
[   12.723280] rtc_cmos rtc_cmos: rtc core: registered rtc_cmos as rtc0
[   12.756358] input: AT Translated Set 2 keyboard as /devices/platform/i8042/serio0/input/input2
[   12.801100] rtc_cmos rtc_cmos: alarms up to one day, 114 bytes nvram
[   12.831422] i2c /dev entries driver
[   12.852444] device-mapper: uevent: version 1.0.3
[   12.877442] device-mapper: ioctl: 4.34.0-ioctl (2015-10-28) initialised: dm-devel@redhat.com
[   12.920203] ledtrig-cpu: registered to indicate activity on CPUs
[   12.952850] NET: Registered protocol family 10
[   12.978880] NET: Registered protocol family 17
[   13.003218] Key type dns_resolver registered
[   13.027675] microcode: CPU0 sig=0x306a9, pf=0x2, revision=0x19
[   13.057056] microcode: CPU1 sig=0x306a9, pf=0x2, revision=0x19
[   13.085466] microcode: Microcode Update Driver: v2.01 <tigran@aivazian.fsnet.co.uk>, Peter Oruba
[   13.129676] registered taskstats version 1
[   13.151723] Loading compiled-in X.509 certificates
[   13.177509] Loaded X.509 cert 'Build time autogenerated kernel key: aa84f01984fbd529c105810b59e379d349698248'
[   13.225737] zswap: loaded using pool lzo/zbud
[   13.254436] Key type trusted registered
[   13.285828] Key type encrypted registered
[   13.309044] AppArmor: AppArmor sha1 policy hashing enabled
[   13.337580] ima: No TPM chip found, activating TPM-bypass!
[   13.378641] evm: HMAC attrs: 0x1
[   13.424347]   Magic number: 2:17:672
[   13.448056] rtc_cmos rtc_cmos: setting system clock to 2018-05-02 07:39:41 UTC (1525246781)
[   13.492018] BIOS EDD facility v0.16 2004-Jun-25, 0 devices found
[   13.521106] EDD information not available.
[   13.551913] Freeing unused kernel memory: 1508K
[   13.575901] Write protecting the kernel read-only data: 14336k
[   13.605904] Freeing unused kernel memory: 1700K
[   13.630552] Freeing unused kernel memory: 104K
Loading, please wait...
starting version 229
[   13.705381] random: systemd-udevd: uninitialized urandom read (16 bytes read, 4 bits of entropy available)
[   13.706441] random: udevadm: uninitialized urandom read (16 bytes read, 4 bits of entropy available)
[   13.706471] random: udevadm: uninitialized urandom read (16 bytes read, 4 bits of entropy available)
[   13.720945] random: udevadm: uninitialized urandom read (16 bytes read, 4 bits of entropy available)
[   13.720997] random: udevadm: uninitialized urandom read (16 bytes read, 4 bits of entropy available)
[   13.721183] random: udevadm: uninitialized urandom read (16 bytes read, 4 bits of entropy available)
[   13.721258] random: udevadm: uninitialized urandom read (16 bytes read, 4 bits of entropy available)
[   13.721331] random: udevadm: uninitialized urandom read (16 bytes read, 4 bits of entropy available)
[   13.721403] random: udevadm: uninitialized urandom read (16 bytes read, 4 bits of entropy available)
[   13.721472] random: udevadm: uninitialized urandom read (16 bytes read, 4 bits of entropy available)
[   14.245442] e1000: Intel(R) PRO/1000 Network Driver - version 7.3.21-k8-NAPI
[   14.280587] e1000: Copyright (c) 1999-2006 Intel Corporation.
[   14.311630] Fusion MPT base driver 3.04.20
[   14.335900] Copyright (c) 1999-2008 LSI Corporation
[   14.380942] Fusion MPT SPI Host driver 3.04.20
[   14.760048] input: ImExPS/2 Generic Explorer Mouse as /devices/platform/i8042/serio1/input/input4
[   16.523139] e1000 0000:00:03.0 eth0: (PCI:33MHz:32-bit) 02:8e:6d:ef:3b:89
[   16.555379] e1000 0000:00:03.0 eth0: Intel(R) PRO/1000 Network Connection
[   16.598974] e1000 0000:00:03.0 enp0s3: renamed from eth0
[   16.635093] mptbase: ioc0: Initiating bringup
[   17.482790] floppy0: no floppy controllers found
[   17.484216] ioc0: LSI53C1030 A0: Capabilities={Initiator}
[   18.529572] scsi host2: ioc0: LSI53C1030 A0, FwRev=00000000h, Ports=1, MaxQ=256, IRQ=20
[   19.273027] scsi 2:0:0:0: Direct-Access     VBOX     HARDDISK         1.0  PQ: 0 ANSI: 5
[   19.315212] scsi target2:0:0: Beginning Domain Validation
[   19.352824] scsi target2:0:0: Domain Validation skipping write tests
[   19.386870] scsi target2:0:0: Ending Domain Validation
[   19.413284] scsi target2:0:0: asynchronous
[   19.660045] scsi 2:0:1:0: Direct-Access     VBOX     HARDDISK         1.0  PQ: 0 ANSI: 5
[   19.702227] scsi target2:0:1: Beginning Domain Validation
[   19.738315] scsi target2:0:1: Domain Validation skipping write tests
[   19.768288] scsi target2:0:1: Ending Domain Validation
[   19.801612] scsi target2:0:1: asynchronous
[   19.881066] sd 2:0:0:0: Attached scsi generic sg0 type 0
[   19.909006] sd 2:0:0:0: [sda] 20971520 512-byte logical blocks: (10.7 GB/10.0 GiB)
[   19.910459] sd 2:0:1:0: [sdb] 20480 512-byte logical blocks: (10.5 MB/10.0 MiB)
[   19.911683] sd 2:0:1:0: [sdb] Write Protect is off
[   19.912301] sd 2:0:1:0: [sdb] Incomplete mode parameter data
[   19.912303] sd 2:0:1:0: [sdb] Assuming drive cache: write through
[   19.951995] sd 2:0:1:0: Attached scsi generic sg1 type 0
[   20.010035] sd 2:0:1:0: [sdb] Attached SCSI disk
[   20.131952] sd 2:0:0:0: [sda] Write Protect is off
[   20.158974] sd 2:0:0:0: [sda] Incomplete mode parameter data
[   20.187373] sd 2:0:0:0: [sda] Assuming drive cache: write through
[   20.259646]  sda: sda1
[   20.282451] sd 2:0:0:0: [sda] Attached SCSI disk
Begin: Loading essential drivers ... [   28.038718] md: linear personality registered for level -1
[   28.074187] md: multipath personality registered for level -4
[   28.111004] md: raid0 personality registered for level 0
[   28.148612] md: raid1 personality registered for level 1
[   28.254515] raid6: sse2x1   gen()  6440 MB/s
[   28.346405] raid6: sse2x1   xor()  3820 MB/s
[   28.442150] raid6: sse2x2   gen()  8102 MB/s
[   28.530134] raid6: sse2x2   xor()  5871 MB/s
[   28.618166] raid6: sse2x4   gen()  9474 MB/s
[   28.706149] raid6: sse2x4   xor()  7067 MB/s
[   28.729482] raid6: using algorithm sse2x4 gen() 9474 MB/s
[   28.757388] raid6: .... xor() 7067 MB/s, rmw enabled
[   28.783385] raid6: using ssse3x2 recovery algorithm
[   28.819923] xor: automatically using best checksumming function:
[   28.890567]    avx       : 12235.000 MB/sec
[   28.918651] async_tx: api initialized (async)
[   28.971958] md: raid6 personality registered for level 6
[   28.999902] md: raid5 personality registered for level 5
[   29.026801] md: raid4 personality registered for level 4
[   29.070369] md: raid10 personality registered for level 10
done.
Begin: Running /scripts/init-premount ... done.
Begin: Mounting root file system ... Begin: Running /scripts/local-top ... done.
Begin: Running /scripts/local-premount ... [   29.241858] Btrfs loaded
Scanning for Btrfs filesystems
done.
Warning: fsck not present, so skipping root file system
[   29.473400] EXT4-fs (sda1): INFO: recovery required on readonly filesystem
[   29.506702] EXT4-fs (sda1): write access will be enabled during recovery
[   29.949462] random: nonblocking pool is initialized
[   30.795957] EXT4-fs (sda1): orphan cleanup on readonly fs
[   30.868185] EXT4-fs (sda1): 6 orphan inodes deleted
[   30.893650] EXT4-fs (sda1): recovery complete
[   30.966319] EXT4-fs (sda1): mounted filesystem with ordered data mode. Opts: (null)
done.
Begin: Running /scripts/local-bottom ... done.
Begin: Running /scripts/init-bottom ... done.
[   32.136487] systemd[1]: systemd 229 running in system mode. (+PAM +AUDIT +SELINUX +IMA +APPARMOR +SMACK +SYSVINIT +UTMP +LIBCRYPTSETUP +GCRYPT +GNUTLS +ACL +XZ -LZ4 +SECCOMP +BLKID +ELFUTILS +KMOD -IDN)
[   32.219125] systemd[1]: Detected virtualization oracle.
[   32.245371] systemd[1]: Detected architecture x86-64.

Welcome to [1mUbuntu 16.04.4 LTS[0m!

[   32.389487] systemd[1]: Set hostname to <ubuntu-xenial>.
[   34.280853] systemd[1]: Listening on Journal Socket.
[[0;32m  OK  [0m] Listening on Journal Socket.
[   34.328346] systemd[1]: Listening on /dev/initctl Compatibility Named Pipe.
[[0;32m  OK  [0m] Listening on /dev/initctl Compatibility Named Pipe.
[   34.390317] systemd[1]: Reached target User and Group Name Lookups.
[[0;32m  OK  [0m] Reached target User and Group Name Lookups.
[   34.445365] systemd[1]: Reached target Encrypted Volumes.
[[0;32m  OK  [0m] Reached target Encrypted Volumes.
[   34.495838] systemd[1]: Started Trigger resolvconf update for networkd DNS.
[[0;32m  OK  [0m] Started Trigger resolvconf update for networkd DNS.
[   34.555166] systemd[1]: Listening on udev Kernel Socket.
[[0;32m  OK  [0m] Listening on udev Kernel Socket.
[   34.604392] systemd[1]: Listening on LVM2 poll daemon socket.
[[0;32m  OK  [0m] Listening on LVM2 poll daemon socket.
[   34.657185] systemd[1]: Listening on Device-mapper event daemon FIFOs.
[[0;32m  OK  [0m] Listening on Device-mapper event daemon FIFOs.
[   34.715384] systemd[1]: Listening on Journal Audit Socket.
[[0;32m  OK  [0m] Listening on Journal Audit Socket.
[   34.771475] systemd[1]: Set up automount Arbitrary Executable File Formats File System Automount Point.
[[0;32m  OK  [0m] Set up automount Arbitrary Executab...ats File System Automount Point.
[   34.854294] systemd[1]: Listening on LVM2 metadata daemon socket.
[[0;32m  OK  [0m] Listening on LVM2 metadata daemon socket.
[   34.908364] systemd[1]: Reached target Swap.
[[0;32m  OK  [0m] Reached target Swap.
[   34.951483] systemd[1]: Created slice User and Session Slice.
[[0;32m  OK  [0m] Created slice User and Session Slice.
[   35.003556] systemd[1]: Listening on Syslog Socket.
[[0;32m  OK  [0m] Listening on Syslog Socket.
[   35.049784] systemd[1]: Listening on udev Control Socket.
[[0;32m  OK  [0m] Listening on udev Control Socket.
[   35.099471] systemd[1]: Started Forward Password Requests to Wall Directory Watch.
[[0;32m  OK  [0m] Started Forward Password Requests to Wall Directory Watch.
[   35.167908] systemd[1]: Listening on Journal Socket (/dev/log).
[[0;32m  OK  [0m] Listening on Journal Socket (/dev/log).
[   35.221758] systemd[1]: Created slice System Slice.
[[0;32m  OK  [0m] Created slice System Slice.
[   35.283103] systemd[1]: Starting Set console keymap...
         Starting Set console keymap...
[   35.394981] systemd[1]: Starting Load Kernel Modules...
         Starting Load Kernel Modules...
[   35.444808] systemd[1]: Starting Monitoring of LVM2 mirrors, snapshots etc. using dmeventd or progress polling...
         Starting Monitoring of LVM2 mirrors... dmeventd or progress polling...
[   35.540662] systemd[1]: Starting Remount Root and Kernel File Systems...
         Starting Remount Root and Kernel File Systems...
[   35.617331] systemd[1]: Mounting Huge Pages File System...
[   35.655545] Loading iSCSI transport class v2.0-870.
         Mounting Huge Pages File System...
[   35.684139] EXT4-fs (sda1): re-mounted. Opts: (null)
[   35.685850] systemd[1]: Created slice system-serial\x2dgetty.slice.
[[0;32m  OK  [0m] Created slice system-serial\x2dgetty.slice.
[   35.783384] systemd[1]: Starting Journal Service...
         Starting Journal Service...
[   35.844688] systemd[1]: Starting Uncomplicated firewall...
[   35.901030] iscsi: registered transport (tcp)
         Starting Uncomplicated firewall...
[   35.939431] systemd[1]: Mounting Debug File System...
         Mounting Debug File System...
[   36.002614] systemd[1]: Mounting POSIX Message Queue File System...
         Mounting POSIX Message Queue File System...
[   36.094471] systemd[1]: Starting Nameserver information manager...
         Starting Nameserver information manager...
[   36.161724] systemd[1]: Starting Create list of required static device nodes for the current kernel...
[   36.211786] iscsi: registered transport (iser)
         Starting Create list of required st... nodes for the current kernel...
[   36.309077] systemd[1]: Reached target Slices.
[[0;32m  OK  [0m] Reached target Slices.
[   36.379768] systemd[1]: Mounted Debug File System.
[[0;32m  OK  [0m] Mounted Debug File System.
[   36.454761] systemd[1]: Mounted Huge Pages File System.
[[0;32m  OK  [0m] Mounted Huge Pages File System.
[   36.515158] systemd[1]: Mounted POSIX Message Queue File System.
[[0;32m  OK  [0m] Mounted POSIX Message Queue File System.
[   36.582037] systemd[1]: Started Journal Service.
[[0;32m  OK  [0m] Started Journal Service.
[[0;32m  OK  [0m] Started Set console keymap.
[[0;32m  OK  [0m] Started Load Kernel Modules.
[[0;32m  OK  [0m] Started Remount Root and Kernel File Systems.
[[0;32m  OK  [0m] Started Uncomplicated firewall.
[[0;32m  OK  [0m] Started Create list of required sta...ce nodes for the current kernel.
[[0;32m  OK  [0m] Started Nameserver information manager.
[[0;32m  OK  [0m] Started LVM2 metadata daemon.
         Starting Create Static Device Nodes in /dev...
         Starting Load/Save Random Seed...
         Starting udev Coldplug all Devices...
         Starting Initial cloud-init job (pre-networking)...
         Starting Apply Kernel Variables...
         Mounting FUSE Control File System...
         Starting Flush Journal to Persistent Storage...
[[0;32m  OK  [0m] Mounted FUSE Control File System.
[[0;32m  OK  [0m] Started Create Static Device Nodes in /dev.
[[0;32m  OK  [0m] Started Load/Save Random Seed.
[[0;32m  OK  [0m] Started Apply Kernel Variables.
[[0;32m  OK  [0m] Started udev Coldplug all Devices.
[[0;32m  OK  [0m] Started Monitoring of LVM2 mirrors,...ng dmeventd or progress polling.
         Starting udev Kernel Device Manager...
[[0;32m  OK  [0m] Started Flush Journal to Persistent Storage.
[[0;32m  OK  [0m] Started udev Kernel Device Manager.
[[0;32m  OK  [0m] Reached target Local File Systems (Pre).
[[0;32m  OK  [0m] Reached target Local File Systems.
         Starting Tell Plymouth To Write Out Runtime Data...
         Starting Create Volatile Files and Directories...
         Starting Set console font and keymap...
         Starting LSB: AppArmor initialization...
[[0;32m  OK  [0m] Started Dispatch Password Requests to Console Directory Watch.
[[0;32m  OK  [0m] Started Tell Plymouth To Write Out Runtime Data.
[[0;32m  OK  [0m] Found device /dev/ttyS0.
[[0;32m  OK  [0m] Found device 82540EM Gigabit Ethern...r (PRO/1000 MT Desktop Adapter).
[[0;32m  OK  [0m] Listening on Load/Save RF Kill Switch Status /dev/rfkill Watch.
[[0;32m  OK  [0m] Started Create Volatile Files and Directories.
[   37.065090] cloud-init[432]: Cloud-init v. 17.2 running 'init-local' at Wed, 02 May 2018 07:40:10 +0000. Up 36.18 seconds.
[[0;32m  OK  [0m] Started LSB: AppArmor initialization.
[[0;32m  OK  [0m] Started Initial cloud-init job (pre-networking).
[[0;32m  OK  [0m] Reached target Network (Pre).
         Starting Raise network interfaces...
[[0;32m  OK  [0m] Started ifup for enp0s3.
[[0;32m  OK  [0m] Reached target System Time Synchronized.
         Starting Update UTMP about System Boot/Shutdown...
[[0;32m  OK  [0m] Started Set console font and keymap.
[[0;32m  OK  [0m] Created slice system-getty.slice.
[[0;32m  OK  [0m] Started Update UTMP about System Boot/Shutdown.
[[0;32m  OK  [0m] Started Raise network interfaces.
[[0;32m  OK  [0m] Reached target Network.
         Starting Initial cloud-init job (metadata service crawler)...
[   54.915535] cloud-init[961]: Cloud-init v. 17.2 running 'init' at Wed, 02 May 2018 07:40:28 +0000. Up 53.75 seconds.
[   54.972963] cloud-init[961]: ci-info: +++++++++++++++++++++++++++++++++++++Net device info++++++++++++++++++++++++++++++++++++++
[   55.039828] cloud-init[961]: ci-info: +--------+------+----------------------------+---------------+-------+-------------------+
[   55.094573] cloud-init[961]: ci-info: | Device |  Up  |          Address           |      Mask     | Scope |     Hw-Address    |
[   55.149406] cloud-init[961]: ci-info: +--------+------+----------------------------+---------------+-------+-------------------+
[   55.205988] cloud-init[961]: ci-info: | enp0s3 | True |         10.0.2.15          | 255.255.255.0 |   .   | 02:8e:6d:ef:3b:89 |
[   55.258437] cloud-init[961]: ci-info: | enp0s3 | True | fe80::8e:6dff:feef:3b89/64 |       .       |  link | 02:8e:6d:ef:3b:89 |
[   55.303953] cloud-init[961]: ci-info: |   lo   | True |         127.0.0.1          |   255.0.0.0   |   .   |         .         |
[   55.355668] cloud-init[961]: ci-info: |   lo   | True |          ::1/128           |       .       |  host |         .         |
[   55.411271] cloud-init[961]: ci-info: +--------+------+----------------------------+---------------+-------+-------------------+
[   55.421170] cloud-init[961]: ci-info: +++++++++++++++++++++++++++Route IPv4 info++++++++++++++++++++++++++++
[   55.456426] cloud-init[961]: ci-info: +-------+-------------+----------+---------------+-----------+-------+
[   55.459735] cloud-init[961]: ci-info: | Route | Destination | Gateway  |    Genmask    | Interface | Flags |
[   55.511952] cloud-init[961]: ci-info: +-------+-------------+----------+---------------+-----------+-------+
[   55.539350] cloud-init[961]: ci-info: |   0   |   0.0.0.0   | 10.0.2.2 |    0.0.0.0    |   enp0s3  |   UG  |
[   55.539491] cloud-init[961]: ci-info: |   1   |   10.0.2.0  | 0.0.0.0  | 255.255.255.0 |   enp0s3  |   U   |
[   55.539627] cloud-init[961]: ci-info: +-------+-------------+----------+---------------+-----------+-------+
[[0;32m  OK  [0m] Started Initial cloud-init job (metadata service crawler).
[[0;32m  OK  [0m] Reached target System Initialization.
[[0;32m  OK  [0m] Started ACPI Events Check.
[[0;32m  OK  [0m] Reached target Paths.
[[0;32m  OK  [0m] Listening on ACPID Listen Socket.
[[0;32m  OK  [0m] Started Daily apt download activities.
[[0;32m  OK  [0m] Started Timer to automatically refresh installed snaps.
[[0;32m  OK  [0m] Listening on D-Bus System Message Bus Socket.
[[0;32m  OK  [0m] Started Daily apt upgrade and clean activities.
[[0;32m  OK  [0m] Started Daily Cleanup of Temporary Directories.
[[0;32m  OK  [0m] Reached target Timers.
         Starting Socket activation for snappy daemon.
[[0;32m  OK  [0m] Listening on UUID daemon activation socket.
         Starting LXD - unix socket.
[[0;32m  OK  [0m] Reached target Cloud-config availability.
[[0;32m  OK  [0m] Reached target Network is Online.
         Starting iSCSI initiator daemon (iscsid)...
[[0;32m  OK  [0m] Listening on Socket activation for snappy daemon.
[[0;32m  OK  [0m] Listening on LXD - unix socket.
[[0;32m  OK  [0m] Reached target Sockets.
[[0;32m  OK  [0m] Reached target Basic System.
         Starting MySQL Community Server...
         Starting Accounts Service...
         Starting LSB: Record successful boot for GRUB...
[[0;32m  OK  [0m] Started FUSE filesystem for LXC.
         Starting Login Service...
         Starting OpenBSD Secure Shell server...
[[0;32m  OK  [0m] Started ACPI event daemon.
         Starting System Logging Service...
[[0;32m  OK  [0m] Started Deferred execution scheduler.
         Starting Snappy daemon...
         Starting Apply the settings specified in cloud-config...
[[0;32m  OK  [0m] Started Unattended Upgrades Shutdown.
         Starting /etc/rc.local Compatibility...
[[0;32m  OK  [0m] Started Regular background program processing daemon.
         Starting LSB: MD monitoring daemon...
[[0;32m  OK  [0m] Started D-Bus System Message Bus.
         Starting LXD - container startup/shutdown...
[[0;32m  OK  [0m] Started System Logging Service.
[[0;32m  OK  [0m] Started OpenBSD Secure Shell server.
[[0;32m  OK  [0m] Started iSCSI initiator daemon (iscsid).
[[0;32m  OK  [0m] Started /etc/rc.local Compatibility.
         Starting Login to default iSCSI targets...[   58.462293] 
[cloud-init[1055]: [0;32m  OK  [0m] Started Login Service.
[[0;32m  OK  [0mCloud-init v. 17.2 running 'modules:config' at Wed, 02 May 2018 07:40:32 +0000. Up 58.00 seconds.
] Started LSB: Record successful boot for GRUB.
[[0;32m  OK  [0m] Started Apply the settings specified in cloud-config.
[[0;32m  OK  [0m] Started LSB: MD monitoring daemon.
         Starting Authenticate and Authorize Users to Run Privileged Tasks...
[[0;32m  OK  [0m] Started Login to default iSCSI targets.
[[0;32m  OK  [0m] Reached target Remote File Systems (Pre).
[[0;32m  OK  [0m] Reached target Remote File Systems.
         Starting Permit User Sessions...
         Starting LSB: Set the CPU Frequency Scaling governor to "ondemand"...
         Starting LSB: daemon to balance interrupts for SMP systems...
         Starting LSB: automatic crash report generation...
         Starting LSB: VirtualBox Linux Additions...
[[0;32m  OK  [0m] Started Permit User Sessions.
[[0;32m  OK  [0m] Started Authenticate and Authorize Users to Run Privileged Tasks.
[[0;32m  OK  [0m] Started LSB: Set the CPU Frequency Scaling governor to "ondemand".
[[0;32m  OK  [0m] Started Accounts Service.
[[0;32m  OK  [0m] Started LSB: daemon to balance interrupts for SMP systems.
[[0;32m  OK  [0m] Created slice User Slice of vagrant.
[[0;32m  OK  [0m] Started Session 1 of user vagrant.
         Starting User Manager for UID 1000...
         Starting Terminate Plymouth Boot Screen...
         Starting Hold until boot process finishes up...
[[0;32m  OK  [0m] Started LSB: automatic crash report generation.
[[0;32m  OK  [0m] Started Terminate Plymouth Boot Screen.
[[0;32m  OK  [0m] Started Hold until boot process finishes up.
[[0;32m  OK  [0m] Started Serial Getty on ttyS0.
[[0;32m  OK  [0m] Started Getty on tty1.
[[0;32m  OK  [0m] Reached target Login Prompts.
         Starting Set console scheme...
[[0;32m  OK  [0m] Started User Manager for UID 1000.
[[0;32m  OK  [0m] Started Snappy daemon.
[[0;32m  OK  [0m] Started Set console scheme.
[[0;32m  OK  [0m] Started LSB: VirtualBox Linux Additions.
[[0;32m  OK  [0m] Started LXD - container startup/shutdown.

Ubuntu 16.04.4 LTS ubuntu-xenial ttyS0

ubuntu-xenial login: [   68.180781] cloud-init[1452]: Cloud-init v. 17.2 running 'modules:final' at Wed, 02 May 2018 07:40:42 +0000. Up 67.97 seconds.
[   68.181269] cloud-init[1452]: Cloud-init v. 17.2 finished at Wed, 02 May 2018 07:40:42 +0000. Datasource DataSourceNoCloud [seed=/dev/sdb][dsmode=net].  Up 68.17 seconds
         Stopping Authenticate and Authorize Users to Run Privileged Tasks...
[[0;32m  OK  [0m] Stopped target Cloud-init target.
         Stopping Session 2 of user vagrant.
[[0;32m  OK  [0m] Stopped Execute cloud user/final scripts.
         Stopping ACPI event daemon...
[[0;32m  OK  [0m] Closed Load/Save RF Kill Switch Status /dev/rfkill Watch.
[[0;32m  OK  [0m] Stopped target Graphical Interface.
         Stopping Accounts Service...
[[0;32m  OK  [0m] Stopped target Multi-User System.
         Stopping LSB: Record successful boot for GRUB...
         Stopping OpenBSD Secure Shell server...
         Stopping Regular background program processing daemon...
[[0;32m  OK  [0m] Stopped target Login Prompts.
         Stopping Getty on tty1...
         Stopping D-Bus System Message Bus...
         Stopping System Logging Service...
         Stopping LXD - container startup/shutdown...
         Stopping Snappy daemon...
         Stopping LSB: automatic crash report generation...
         Stopping Deferred execution scheduler...
         Stopping LSB: VirtualBox Linux Additions...
         Stopping LSB: Set the CPU Frequency Scaling governor to "ondemand"...
         Stopping LSB: MD monitoring daemon...
[[0;32m  OK  [0m] Stopped Apply the settings specified in cloud-config.
[[0;32m  OK  [0m] Stopped target Cloud-config availability.
[[0;32m  OK  [0m] Stopped target Timers.
[[0;32m  OK  [0m] Stopped Timer to automatically refresh installed snaps.
         Stopping User Manager for UID 1000...
         Stopping MySQL Community Server...
         Stopping LSB: daemon to balance interrupts for SMP systems...
[[0;32m  OK  [0m] Stopped Daily Cleanup of Temporary Directories.
         Stopping Unattended Upgrades Shutdown...
[[0;32m  OK  [0m] Unmounted /var/lib/lxcfs.
[[0;32m  OK  [0m] Stopped Accounts Service.
[[0;32m  OK  [0m] Stopped OpenBSD Secure Shell server.
[[0;32m  OK  [0m] Stopped ACPI event daemon.
[[0;32m  OK  [0m] Stopped System Logging Service.
[[0;32m  OK  [0m] Stopped Deferred execution scheduler.
[[0;32m  OK  [0m] Stopped Snappy daemon.
[[0;32m  OK  [0m] Stopped Regular background program processing daemon.
[[0;32m  OK  [0m] Stopped Authenticate and Authorize Users to Run Privileged Tasks.
[[0;32m  OK  [0m] Stopped Serial Getty on ttyS0.
[[0;32m  OK  [0m] Stopped Getty on tty1.
[[0;32m  OK  [0m] Stopped MySQL Community Server.
[[0;32m  OK  [0m] Stopped Daily apt upgrade and clean activities.
[[0;32m  OK  [0m] Stopped User Manager for UID 1000.
[[0;32m  OK  [0m] Stopped Session 2 of user vagrant.
[[0;32m  OK  [0m] Stopped D-Bus System Message Bus.
[[0;32m  OK  [0m] Stopped Unattended Upgrades Shutdown.
[[0;32m  OK  [0m] Stopped FUSE filesystem for LXC.
[[0;32m  OK  [0m] Stopped LSB: Record successful boot for GRUB.
[[0;32m  OK  [0m] Stopped LXD - container startup/shutdown.
[[0;32m  OK  [0m] Stopped LSB: Set the CPU Frequency Scaling governor to "ondemand".
[[0;32m  OK  [0m] Stopped LSB: automatic crash report generation.
[[0;32m  OK  [0m] Stopped LSB: VirtualBox Linux Additions.
[[0;32m  OK  [0m] Stopped LSB: daemon to balance interrupts for SMP systems.
[[0;32m  OK  [0m] Stopped LSB: MD monitoring daemon.
[[0;32m  OK  [0m] Removed slice User Slice of vagrant.
         Stopping Login Service...
[[0;32m  OK  [0m] Stopped Daily apt upgrade and clean activities.
[[0;32m  OK  [0m] Stopped Daily apt download activities.
[[0;32m  OK  [0m] Stopped target System Time Synchronized.
[[0;32m  OK  [0m] Removed slice system-getty.slice.
         Stopping Permit User Sessions...
[[0;32m  OK  [0m] Stopped /etc/rc.local Compatibility.
[[0;32m  OK  [0m] Removed slice system-serial\x2dgetty.slice.
[[0;32m  OK  [0m] Stopped Login Service.
[[0;32m  OK  [0m] Stopped Permit User Sessions.
[[0;32m  OK  [0m] Stopped target Remote File Systems.
[[0;32m  OK  [0m] Stopped target Remote File Systems (Pre).
         Stopping Login to default iSCSI targets...
[[0;32m  OK  [0m] Stopped target User and Group Name Lookups.
[[0;32m  OK  [0m] Stopped target Basic System.
[[0;32m  OK  [0m] Stopped target Sockets.
[[0;32m  OK  [0m] Closed UUID daemon activation socket.
[[0;32m  OK  [0m] Closed LXD - unix socket.
[[0;32m  OK  [0m] Closed Syslog Socket.
[[0;32m  OK  [0m] Closed ACPID Listen Socket.
[[0;32m  OK  [0m] Closed Socket activation for snappy daemon.
[[0;32m  OK  [0m] Closed D-Bus System Message Bus Socket.
[[0;32m  OK  [0m] Stopped target Paths.
[[0;32m  OK  [0m] Stopped ACPI Events Check.
[[0;32m  OK  [0m] Stopped target System Initialization.
[[0;32m  OK  [0m] Stopped target Encrypted Volumes.
[[0;32m  OK  [0m] Stopped target Swap.
[[0;32m  OK  [0m] Stopped Create Volatile Files and Directories.
         Stopping Load/Save Random Seed...
[[0;32m  OK  [0m] Stopped Dispatch Password Requests to Console Directory Watch.
[[0;32m  OK  [0m] Stopped Forward Password Requests to Wall Directory Watch.
[[0;32m  OK  [0m] Stopped target Slices.
[[0;32m  OK  [0m] Removed slice User and Session Slice.
[[0;32m  OK  [0m] Stopped Load/Save Random Seed.
[[0;32m  OK  [0m] Stopped Login to default iSCSI targets.
         Stopping iSCSI initiator daemon (iscsid)...
[[0;32m  OK  [0m] Stopped iSCSI initiator daemon (iscsid).
[[0;32m  OK  [0m] Stopped target Network is Online.
[[0;32m  OK  [0m] Stopped target Network.
[[0;32m  OK  [0m] Stopped Initial cloud-init job (metadata service crawler).
         Stopping Raise network interfaces...
[[0;32m  OK  [0m] Stopped Raise network interfaces.
[[0;32m  OK  [0m] Stopped target Local File Systems.
         Unmounting /vagrant...
         Unmounting /run/user/1000...
[[0;32m  OK  [0m] Stopped Apply Kernel Variables.
[[0;32m  OK  [0m] Stopped target Network (Pre).
[[0;32m  OK  [0m] Stopped Initial cloud-init job (pre-networking).
[[0;32m  OK  [0m] Stopped Load Kernel Modules.
[[0;32m  OK  [0m] Unmounted /vagrant.
[[0;32m  OK  [0m] Unmounted /run/user/1000.
[[0;32m  OK  [0m] Reached target Unmount All Filesystems.
[[0;32m  OK  [0m] Stopped target Local File Systems (Pre).
         Stopping Monitoring of LVM2 mirrors... dmeventd or progress polling...
[[0;32m  OK  [0m] Stopped Remount Root and Kernel File Systems.
[[0;32m  OK  [0m] Stopped Create Static Device Nodes in /dev.
[[0;32m  OK  [0m] Reached target Shutdown.
[[0;32m  OK  [0m] Reached target Final Step.
         Starting Power-Off...
[[0;32m  OK  [0m] Stopped Monitoring of LVM2 mirrors,...ng dmeventd or progress polling.
[  208.998835] reboot: Power down
